<?xml version="1.0" encoding="UTF-8"?>
<testsuite name="TestSuite" time="5.64" tests="1" errors="0" skipped="0" failures="1">
  <properties>
[...]
</properties>
  <testcase name="testCreditCard" classname="com.github.tugu.SberbankTesting.tests.CreditCardTest" time="5.64">
    <failure message="Значение параметра &apos;Льготный период кредитования:&apos; карты не совпадает expected:&lt;50 дней&gt; but was:&lt;до 50 дней&gt;" type="java.lang.AssertionError"><![CDATA[java.lang.AssertionError: Значение параметра 'Льготный период кредитования:' карты не совпадает expected:<50 дней> but was:<до 50 дней>
	at org.testng.Assert.fail(Assert.java:89)
	at org.testng.Assert.failNotEquals(Assert.java:489)
	at org.testng.Assert.assertEquals(Assert.java:118)
	at org.testng.Assert.assertEquals(Assert.java:171)
	at com.github.tugu.SberbankTesting.tests.CreditCardTest.testCreditCard(CreditCardTest.java:75)
]]></failure>
    <system-out><![CDATA[#############################################################
Стартовая страница открыта
#############################################################
Список закладок проверен
#############################################################
Список ссылок 'Все продукты и услуги > Кредиты':
  - Потребительские кредиты
  - Образовательные кредиты
  - Ипотечные кредиты
  - Автокредиты
  - Кредитные карты
  - Рефинансирование
#############################################################
Информация о кредитной карте открыта
#############################################################
]]></system-out>
  </testcase>
</testsuite>